<?xml version="1.0" encoding="UTF-8"?>
<testng-results skipped="0" failed="1" ignored="1" total="3" passed="1">
  <reporter-output>
  </reporter-output>
  <suite name="Default suite" duration-ms="38560" started-at="2017-09-06T19:52:45Z" finished-at="2017-09-06T19:53:24Z">
    <groups>
    </groups>
    <test name="Default test" duration-ms="38560" started-at="2017-09-06T19:52:45Z" finished-at="2017-09-06T19:53:24Z">
      <class name="TestSuites.AddMember">
        <test-method status="PASS" signature="init()[pri:0, instance:TestSuites.AddMember@3e74829]" name="init" is-config="true" duration-ms="6352" started-at="2017-09-06T14:52:45Z" finished-at="2017-09-06T14:52:51Z">
          <reporter-output>
          </reporter-output>
        </test-method> <!-- init -->
        <test-method status="PASS" signature="init()[pri:0, instance:TestSuites.CaptureScreenshot@4f6f416f]" name="init" is-config="true" duration-ms="5743" started-at="2017-09-06T14:52:51Z" finished-at="2017-09-06T14:52:57Z">
          <reporter-output>
          </reporter-output>
        </test-method> <!-- init -->
        <test-method status="PASS" signature="initialize()[pri:0, instance:TestSuites.HomePage@409c54f]" name="initialize" is-config="true" duration-ms="1" started-at="2017-09-06T14:52:57Z" finished-at="2017-09-06T14:52:57Z">
          <reporter-output>
          </reporter-output>
        </test-method> <!-- initialize -->
        <test-method status="PASS" signature="init()[pri:0, instance:TestSuites.Register@5965be2d]" name="init" is-config="true" duration-ms="5005" started-at="2017-09-06T14:52:57Z" finished-at="2017-09-06T14:53:02Z">
          <reporter-output>
          </reporter-output>
        </test-method> <!-- init -->
        <test-method status="PASS" signature="init()[pri:0, instance:RemoveMember@176b75f7]" name="init" is-config="true" duration-ms="5753" started-at="2017-09-06T14:53:02Z" finished-at="2017-09-06T14:53:08Z">
          <reporter-output>
          </reporter-output>
        </test-method> <!-- init -->
        <test-method status="PASS" signature="endReport()[pri:0, instance:TestSuites.AddMember@3e74829]" name="endReport" is-config="true" duration-ms="279" started-at="2017-09-06T14:53:23Z" finished-at="2017-09-06T14:53:23Z">
          <reporter-output>
          </reporter-output>
        </test-method> <!-- endReport -->
        <test-method status="PASS" signature="endReport()[pri:0, instance:TestSuites.CaptureScreenshot@4f6f416f]" name="endReport" is-config="true" duration-ms="197" started-at="2017-09-06T14:53:23Z" finished-at="2017-09-06T14:53:23Z">
          <reporter-output>
          </reporter-output>
        </test-method> <!-- endReport -->
        <test-method status="PASS" signature="teardown()[pri:0, instance:TestSuites.HomePage@409c54f]" name="teardown" is-config="true" duration-ms="38" started-at="2017-09-06T14:53:23Z" finished-at="2017-09-06T14:53:23Z">
          <reporter-output>
          </reporter-output>
        </test-method> <!-- teardown -->
        <test-method status="PASS" signature="endReport()[pri:0, instance:TestSuites.Register@5965be2d]" name="endReport" is-config="true" duration-ms="34" started-at="2017-09-06T14:53:23Z" finished-at="2017-09-06T14:53:23Z">
          <reporter-output>
          </reporter-output>
        </test-method> <!-- endReport -->
        <test-method status="PASS" signature="endReport()[pri:0, instance:RemoveMember@176b75f7]" name="endReport" is-config="true" duration-ms="308" started-at="2017-09-06T14:53:23Z" finished-at="2017-09-06T14:53:24Z">
          <reporter-output>
          </reporter-output>
        </test-method> <!-- endReport -->
      </class> <!-- TestSuites.AddMember -->
      <class name="RemoveMember">
        <test-method status="FAIL" signature="tmtpRemoveFriend()[pri:0, instance:RemoveMember@176b75f7]" name="tmtpRemoveFriend" duration-ms="7738" started-at="2017-09-06T14:53:08Z" finished-at="2017-09-06T14:53:16Z">
          <exception class="org.openqa.selenium.WebDriverException">
            <message>
              <![CDATA[unknown error: Element <a href="/tmtp/saml/...?local=true">logout</a> is not clickable at point (1088, 63). Other element would receive the click: <div class="modal"></div>
  (Session info: chrome=60.0.3112.113)
  (Driver info: chromedriver=2.31.488774 (7e15618d1bf16df8bf0ecf2914ed1964a387ba0b),platform=Mac OS X 10.12.6 x86_64) (WARNING: The server did not provide any stacktrace information)
Command duration or timeout: 42 milliseconds
Build info: version: '3.4.0', revision: 'unknown', time: 'unknown'
System info: host: 'Vamsis-MacBook-Pro.local', ip: 'fe80:0:0:0:183d:4c0d:549e:42c%en0', os.name: 'Mac OS X', os.arch: 'x86_64', os.version: '10.12.6', java.version: '1.8.0_131'
Driver info: org.openqa.selenium.chrome.ChromeDriver
Capabilities [{applicationCacheEnabled=false, rotatable=false, mobileEmulationEnabled=false, networkConnectionEnabled=false, chrome={chromedriverVersion=2.31.488774 (7e15618d1bf16df8bf0ecf2914ed1964a387ba0b), userDataDir=/var/folders/c2/1cs59_ks15q_jmbjt_1c325m0000gn/T/.org.chromium.Chromium.h1vSz0}, takesHeapSnapshot=true, pageLoadStrategy=normal, databaseEnabled=false, handlesAlerts=true, hasTouchScreen=false, version=60.0.3112.113, platform=MAC, browserConnectionEnabled=false, nativeEvents=true, acceptSslCerts=true, locationContextEnabled=true, webStorageEnabled=true, browserName=chrome, takesScreenshot=true, javascriptEnabled=true, cssSelectorsEnabled=true, setWindowRect=true, unexpectedAlertBehaviour=}]
Session ID: 2b24d6ea443bc210614b631abfe7e468]]>
            </message>
            <full-stacktrace>
              <![CDATA[org.openqa.selenium.WebDriverException: unknown error: Element <a href="/tmtp/saml/...?local=true">logout</a> is not clickable at point (1088, 63). Other element would receive the click: <div class="modal"></div>
  (Session info: chrome=60.0.3112.113)
  (Driver info: chromedriver=2.31.488774 (7e15618d1bf16df8bf0ecf2914ed1964a387ba0b),platform=Mac OS X 10.12.6 x86_64) (WARNING: The server did not provide any stacktrace information)
Command duration or timeout: 42 milliseconds
Build info: version: '3.4.0', revision: 'unknown', time: 'unknown'
System info: host: 'Vamsis-MacBook-Pro.local', ip: 'fe80:0:0:0:183d:4c0d:549e:42c%en0', os.name: 'Mac OS X', os.arch: 'x86_64', os.version: '10.12.6', java.version: '1.8.0_131'
Driver info: org.openqa.selenium.chrome.ChromeDriver
Capabilities [{applicationCacheEnabled=false, rotatable=false, mobileEmulationEnabled=false, networkConnectionEnabled=false, chrome={chromedriverVersion=2.31.488774 (7e15618d1bf16df8bf0ecf2914ed1964a387ba0b), userDataDir=/var/folders/c2/1cs59_ks15q_jmbjt_1c325m0000gn/T/.org.chromium.Chromium.h1vSz0}, takesHeapSnapshot=true, pageLoadStrategy=normal, databaseEnabled=false, handlesAlerts=true, hasTouchScreen=false, version=60.0.3112.113, platform=MAC, browserConnectionEnabled=false, nativeEvents=true, acceptSslCerts=true, locationContextEnabled=true, webStorageEnabled=true, browserName=chrome, takesScreenshot=true, javascriptEnabled=true, cssSelectorsEnabled=true, setWindowRect=true, unexpectedAlertBehaviour=}]
Session ID: 2b24d6ea443bc210614b631abfe7e468
	at sun.reflect.NativeConstructorAccessorImpl.newInstance0(Native Method)
	at sun.reflect.NativeConstructorAccessorImpl.newInstance(NativeConstructorAccessorImpl.java:62)
	at sun.reflect.DelegatingConstructorAccessorImpl.newInstance(DelegatingConstructorAccessorImpl.java:45)
	at java.lang.reflect.Constructor.newInstance(Constructor.java:423)
	at org.openqa.selenium.remote.ErrorHandler.createThrowable(ErrorHandler.java:215)
	at org.openqa.selenium.remote.ErrorHandler.throwIfResponseFailed(ErrorHandler.java:167)
	at org.openqa.selenium.remote.RemoteWebDriver.execute(RemoteWebDriver.java:671)
	at org.openqa.selenium.remote.RemoteWebElement.execute(RemoteWebElement.java:272)
	at org.openqa.selenium.remote.RemoteWebElement.click(RemoteWebElement.java:82)
	at RemoveMember.tmtpRemoveFriend(RemoveMember.java:133)
	at sun.reflect.NativeMethodAccessorImpl.invoke0(Native Method)
	at sun.reflect.NativeMethodAccessorImpl.invoke(NativeMethodAccessorImpl.java:62)
	at sun.reflect.DelegatingMethodAccessorImpl.invoke(DelegatingMethodAccessorImpl.java:43)
	at java.lang.reflect.Method.invoke(Method.java:498)
	at org.testng.internal.MethodInvocationHelper.invokeMethod(MethodInvocationHelper.java:108)
	at org.testng.internal.Invoker.invokeMethod(Invoker.java:669)
	at org.testng.internal.Invoker.invokeTestMethod(Invoker.java:877)
	at org.testng.internal.Invoker.invokeTestMethods(Invoker.java:1201)
	at org.testng.internal.TestMethodWorker.invokeTestMethods(TestMethodWorker.java:125)
	at org.testng.internal.TestMethodWorker.run(TestMethodWorker.java:109)
	at org.testng.TestRunner.privateRun(TestRunner.java:776)
	at org.testng.TestRunner.run(TestRunner.java:634)
	at org.testng.SuiteRunner.runTest(SuiteRunner.java:425)
	at org.testng.SuiteRunner.runSequentially(SuiteRunner.java:420)
	at org.testng.SuiteRunner.privateRun(SuiteRunner.java:385)
	at org.testng.SuiteRunner.run(SuiteRunner.java:334)
	at org.testng.SuiteRunnerWorker.runSuite(SuiteRunnerWorker.java:52)
	at org.testng.SuiteRunnerWorker.run(SuiteRunnerWorker.java:86)
	at org.testng.TestNG.runSuitesSequentially(TestNG.java:1318)
	at org.testng.TestNG.runSuitesLocally(TestNG.java:1243)
	at org.testng.TestNG.runSuites(TestNG.java:1161)
	at org.testng.TestNG.run(TestNG.java:1129)
	at org.testng.remote.AbstractRemoteTestNG.run(AbstractRemoteTestNG.java:114)
	at org.testng.remote.RemoteTestNG.initAndRun(RemoteTestNG.java:251)
	at org.testng.remote.RemoteTestNG.main(RemoteTestNG.java:77)
]]>
            </full-stacktrace>
          </exception> <!-- org.openqa.selenium.WebDriverException -->
          <reporter-output>
          </reporter-output>
        </test-method> <!-- tmtpRemoveFriend -->
        <test-method status="PASS" signature="getResult(org.testng.ITestResult)[pri:0, instance:RemoveMember@176b75f7]" name="getResult" is-config="true" duration-ms="654" started-at="2017-09-06T14:53:16Z" finished-at="2017-09-06T14:53:16Z">
          <params>
            <param index="0">
              <value>
                <![CDATA[[TestResult name=tmtpRemoveFriend status=FAILURE method=RemoveMember.tmtpRemoveFriend()[pri:0, instance:RemoveMember@176b75f7] output={null}]]]>
              </value>
            </param>
          </params>
          <reporter-output>
          </reporter-output>
        </test-method> <!-- getResult -->
      </class> <!-- RemoveMember -->
      <class name="TestSuites.CaptureScreenshot">
        <test-method status="PASS" signature="tmtpSignIn()[pri:0, instance:TestSuites.CaptureScreenshot@4f6f416f]" name="tmtpSignIn" duration-ms="6438" started-at="2017-09-06T14:53:16Z" finished-at="2017-09-06T14:53:23Z">
          <reporter-output>
          </reporter-output>
        </test-method> <!-- tmtpSignIn -->
        <test-method status="PASS" signature="getResult(org.testng.ITestResult)[pri:0, instance:TestSuites.CaptureScreenshot@4f6f416f]" name="getResult" is-config="true" duration-ms="1" started-at="2017-09-06T14:53:23Z" finished-at="2017-09-06T14:53:23Z">
          <params>
            <param index="0">
              <value>
                <![CDATA[[TestResult name=tmtpSignIn status=SUCCESS method=CaptureScreenshot.tmtpSignIn()[pri:0, instance:TestSuites.CaptureScreenshot@4f6f416f] output={null}]]]>
              </value>
            </param>
          </params>
          <reporter-output>
          </reporter-output>
        </test-method> <!-- getResult -->
      </class> <!-- TestSuites.CaptureScreenshot -->
    </test> <!-- Default test -->
  </suite> <!-- Default suite -->
</testng-results>
